2015-03-28 18:05:28.939 AzarMobile[11997:484821] DiskCookieStorage changing policy from 2 to 0, cookie file: file:///Users/kyle/Library/Developer/CoreSimulator/Devices/E7269A3D-BEE6-4EE7-9480-05479E372C1E/data/Containers/Data/Application/EC6D3939-565F-4184-9F6B-53EFADD88FB6/Library/Cookies/Cookies.binarycookies
2015-03-28 18:05:28.996 AzarMobile[11997:484821] Apache Cordova native platform version 3.8.0 is starting.
2015-03-28 18:05:28.996 AzarMobile[11997:484821] Multi-tasking -> Device: YES, App: YES
2015-03-28 18:05:29.012 AzarMobile[11997:484821] Unlimited access to network resources
2015-03-28 18:05:29.304 AzarMobile[11997:484821] [CDVTimer][keyboard] 0.066996ms
2015-03-28 18:05:29.384 AzarMobile[11997:484821] [CDVTimer][statusbar] 80.739975ms
2015-03-28 18:05:29.385 AzarMobile[11997:484821] [CDVTimer][TotalPluginStartup] 81.129014ms
2015-03-28 18:05:29.446 AzarMobile[11997:484821] Resetting plugins due to page load.
2015-03-28 18:05:34.069 AzarMobile[11997:484821] Finished load of: file:///Users/kyle/Library/Developer/CoreSimulator/Devices/E7269A3D-BEE6-4EE7-9480-05479E372C1E/data/Containers/Bundle/Application/F85F005E-D083-4E31-B69A-247269D089D8/AzarMobile.app/www/index.html#/app/home
2015-03-28 18:14:57.189 AzarMobile[12375:495104] DiskCookieStorage changing policy from 2 to 0, cookie file: file:///Users/kyle/Library/Developer/CoreSimulator/Devices/E7269A3D-BEE6-4EE7-9480-05479E372C1E/data/Containers/Data/Application/15F784B3-5228-4582-8F79-02CC39EAA65B/Library/Cookies/Cookies.binarycookies
2015-03-28 18:14:57.239 AzarMobile[12375:495104] Apache Cordova native platform version 3.8.0 is starting.
2015-03-28 18:14:57.239 AzarMobile[12375:495104] Multi-tasking -> Device: YES, App: YES
2015-03-28 18:14:57.241 AzarMobile[12375:495104] Unlimited access to network resources
2015-03-28 18:14:57.313 AzarMobile[12375:495104] [CDVTimer][keyboard] 0.055969ms
2015-03-28 18:14:57.343 AzarMobile[12375:495104] [CDVTimer][statusbar] 29.785991ms
2015-03-28 18:14:57.343 AzarMobile[12375:495104] [CDVTimer][TotalPluginStartup] 30.130982ms
2015-03-28 18:14:57.429 AzarMobile[12375:495104] Resetting plugins due to page load.
2015-03-28 18:14:57.579 AzarMobile[12375:495104] Finished load of: file:///Users/kyle/Library/Developer/CoreSimulator/Devices/E7269A3D-BEE6-4EE7-9480-05479E372C1E/data/Containers/Bundle/Application/199D1AEB-8061-4EC4-8809-70CA153B8E98/AzarMobile.app/www/index.html#/app/home
2015-03-28 18:15:21.939 AzarMobile[12375:495760] Terminating since there is no system app.
2015-03-28 18:55:57.067 AzarMobile[14506:543955] DiskCookieStorage changing policy from 2 to 0, cookie file: file:///Users/kyle/Library/Developer/CoreSimulator/Devices/E7269A3D-BEE6-4EE7-9480-05479E372C1E/data/Containers/Data/Application/95B0D35D-C547-4B68-9E07-0F62A38B0BC0/Library/Cookies/Cookies.binarycookies
2015-03-28 18:55:57.125 AzarMobile[14506:543955] Apache Cordova native platform version 3.8.0 is starting.
2015-03-28 18:55:57.125 AzarMobile[14506:543955] Multi-tasking -> Device: YES, App: YES
2015-03-28 18:55:57.140 AzarMobile[14506:543955] Unlimited access to network resources
2015-03-28 18:55:57.466 AzarMobile[14506:543955] [CDVTimer][keyboard] 0.061989ms
2015-03-28 18:55:57.545 AzarMobile[14506:543955] [CDVTimer][statusbar] 78.867972ms
2015-03-28 18:55:57.546 AzarMobile[14506:543955] [CDVTimer][TotalPluginStartup] 79.258025ms
2015-03-28 18:55:57.616 AzarMobile[14506:543955] Resetting plugins due to page load.
2015-03-28 18:55:57.857 AzarMobile[14506:543955] Finished load of: file:///Users/kyle/Library/Developer/CoreSimulator/Devices/E7269A3D-BEE6-4EE7-9480-05479E372C1E/data/Containers/Bundle/Application/B03C64C1-A911-40AE-A126-1AD8D764E296/AzarMobile.app/www/index.html#/app/home
